<?xml version="1.0" encoding="UTF-8"?>
<testsuite xmlns:xsi="http://www.w3.org/2001/XMLSchema-instance" xsi:noNamespaceSchemaLocation="https://maven.apache.org/surefire/maven-surefire-plugin/xsd/surefire-test-report.xsd" name="com.dannynoam.checkout.domain.promotion.SpendXToGetPercentageOffPromotionUTest" time="0.003" tests="2" errors="0" skipped="0" failures="0">
  <properties>
[...]
</properties>
  <testcase name="apply_basketHasNOTMetMinimumSpend_noDiscountAppliedAndChainContinued" classname="com.dannynoam.checkout.domain.promotion.SpendXToGetPercentageOffPromotionUTest" time="0.001"/>
  <testcase name="apply_basketHasMetMinimumSpend_discountAppliedAndChainContinued" classname="com.dannynoam.checkout.domain.promotion.SpendXToGetPercentageOffPromotionUTest" time="0.002"/>
</testsuite>